<?xml version="1.0" encoding="UTF-8"?><testsuite failures="0" name="cucumber.runtime.formatter.JUnitFormatter" skipped="0" tests="1" time="13.270649">
<testcase classname="Jenkins Login Feature" name="Jenkins Login Test Scenario" time="13.270649">
<system-out><![CDATA[Given user is already on login page.........................................passed
When title of login page is Jenkins.........................................passed
Then user enter username and password.......................................passed
Then user click on login button.............................................passed
Then user is on home page...................................................passed
Then close the browser......................................................passed
]]></system-out>
</testcase>
</testsuite>
